Using pre-set license
Built from '2020.3/staging' branch; Version is '2020.3.18f1 (a7d1c678663c) revision 10998214'; Using compiler version '192528614'; Build Type 'Release'
OS: 'Windows 10 Pro; OS build 19045.2364; Version 2009; 64bit' Language: 'es' Physical Memory: 16322 MB
BatchMode: 1, IsHumanControllingUs: 0, StartBugReporterOnCrash: 0, Is64bit: 1, IsPro: 0

COMMAND LINE ARGUMENTS:
C:\Program Files\Unity\Hub\Editor\2020.3.18f1\Editor\Unity.exe
-adb2
-batchMode
-noUpm
-name
AssetImportWorker0
-projectPath
E:/Bibliotecas/Unity/PEC3_Media/PEC4_Media
-logFile
Logs/AssetImportWorker0.log
-srvPort
59080
Successfully changed project path to: E:/Bibliotecas/Unity/PEC3_Media/PEC4_Media
E:/Bibliotecas/Unity/PEC3_Media/PEC4_Media
Using Asset Import Pipeline V2.
Refreshing native plugins compatible for Editor in 59.40 ms, found 2 plugins.
Preloading 0 native plugins for Editor in 0.00 ms.
Initialize engine version: 2020.3.18f1 (a7d1c678663c)
[Subsystems] Discovering subsystems at path C:/Program Files/Unity/Hub/Editor/2020.3.18f1/Editor/Data/Resources/UnitySubsystems
[Subsystems] Discovering subsystems at path E:/Bibliotecas/Unity/PEC3_Media/PEC4_Media/Assets
GfxDevice: creating device client; threaded=0
Direct3D:
    Version:  Direct3D 11.0 [level 11.1]
    Renderer: NVIDIA GeForce GTX 1080 Ti (ID=0x1b06)
    Vendor:   
    VRAM:     11120 MB
    Driver:   31.0.15.2686
Initialize mono
Mono path[0] = 'C:/Program Files/Unity/Hub/Editor/2020.3.18f1/Editor/Data/Managed'
Mono path[1] = 'C:/Program Files/Unity/Hub/Editor/2020.3.18f1/Editor/Data/MonoBleedingEdge/lib/mono/unityjit'
Mono config path = 'C:/Program Files/Unity/Hub/Editor/2020.3.18f1/Editor/Data/MonoBleedingEdge/etc'
Using monoOptions --debugger-agent=transport=dt_socket,embedding=1,server=y,suspend=n,address=127.0.0.1:56492
Begin MonoManager ReloadAssembly
Registering precompiled unity dll's ...
Register platform support module: C:/Program Files/Unity/Hub/Editor/2020.3.18f1/Editor/Data/PlaybackEngines/WindowsStandaloneSupport/UnityEditor.WindowsStandalone.Extensions.dll
Registered in 0.003104 seconds.
Native extension for WindowsStandalone target not found
Refreshing native plugins compatible for Editor in 46.05 ms, found 2 plugins.
Preloading 0 native plugins for Editor in 0.00 ms.
Mono: successfully reloaded assembly
- Completed reload, in  1.939 seconds
Domain Reload Profiling:
	ReloadAssembly (1940ms)
		BeginReloadAssembly (108ms)
			ExecutionOrderSort (0ms)
			DisableScriptedObjects (0ms)
			BackupInstance (0ms)
			ReleaseScriptingObjects (0ms)
			CreateAndSetChildDomain (1ms)
		EndReloadAssembly (682ms)
			LoadAssemblies (104ms)
			RebuildTransferFunctionScriptingTraits (0ms)
			SetupTypeCache (247ms)
			ReleaseScriptCaches (0ms)
			RebuildScriptCaches (68ms)
			SetupLoadedEditorAssemblies (245ms)
				LogAssemblyErrors (0ms)
				InitializePlatformSupportModulesInManaged (7ms)
				SetLoadedEditorAssemblies (0ms)
				RefreshPlugins (46ms)
				BeforeProcessingInitializeOnLoad (24ms)
				ProcessInitializeOnLoadAttributes (120ms)
				ProcessInitializeOnLoadMethodAttributes (48ms)
				AfterProcessingInitializeOnLoad (0ms)
				EditorAssembliesLoaded (0ms)
			ExecutionOrderSort2 (0ms)
			AwakeInstancesAfterBackupRestoration (0ms)
Platform modules already initialized, skipping
Registering precompiled user dll's ...
Registered in 0.002635 seconds.
Begin MonoManager ReloadAssembly
Native extension for WindowsStandalone target not found
Refreshing native plugins compatible for Editor in 0.51 ms, found 2 plugins.
Preloading 0 native plugins for Editor in 0.00 ms.
Mono: successfully reloaded assembly
- Completed reload, in  1.806 seconds
Domain Reload Profiling:
	ReloadAssembly (1807ms)
		BeginReloadAssembly (292ms)
			ExecutionOrderSort (0ms)
			DisableScriptedObjects (9ms)
			BackupInstance (0ms)
			ReleaseScriptingObjects (0ms)
			CreateAndSetChildDomain (30ms)
		EndReloadAssembly (1388ms)
			LoadAssemblies (178ms)
			RebuildTransferFunctionScriptingTraits (0ms)
			SetupTypeCache (528ms)
			ReleaseScriptCaches (1ms)
			RebuildScriptCaches (72ms)
			SetupLoadedEditorAssemblies (481ms)
				LogAssemblyErrors (0ms)
				InitializePlatformSupportModulesInManaged (8ms)
				SetLoadedEditorAssemblies (1ms)
				RefreshPlugins (1ms)
				BeforeProcessingInitializeOnLoad (117ms)
				ProcessInitializeOnLoadAttributes (337ms)
				ProcessInitializeOnLoadMethodAttributes (7ms)
				AfterProcessingInitializeOnLoad (11ms)
				EditorAssembliesLoaded (0ms)
			ExecutionOrderSort2 (0ms)
			AwakeInstancesAfterBackupRestoration (10ms)
Platform modules already initialized, skipping
========================================================================
Worker process is ready to serve import requests
Launched and connected shader compiler UnityShaderCompiler.exe after 0.05 seconds
Refreshing native plugins compatible for Editor in 0.58 ms, found 2 plugins.
Preloading 0 native plugins for Editor in 0.00 ms.
Unloading 1549 Unused Serialized files (Serialized files now loaded: 0)
System memory in use before: 82.1 MB.
System memory in use after: 82.1 MB.

Unloading 17 unused Assets to reduce memory usage. Loaded Objects now: 1998.
Total: 3.692400 ms (FindLiveObjects: 0.165500 ms CreateObjectMapping: 0.071800 ms MarkObjects: 3.361100 ms  DeleteObjects: 0.092300 ms)

AssetImportParameters requested are different than current active one (requested -> active):
  custom:framework-win-MediaFoundation: 216162199b28c13a410421893ffa2e32 -> 
  custom:video-decoder-ogg-theora: a1e56fd34408186e4bbccfd4996cb3dc -> 
  custom:container-muxer-webm: aa71ff27fc2769a1b78a27578f13a17b -> 
  custom:container-demuxer-webm: 4f35f7cbe854078d1ac9338744f61a02 -> 
  custom:container-demuxer-ogg: 62fdf1f143b41e24485cea50d1cbac27 -> 
  custom:video-encoder-webm-vp8: eb34c28f22e8b96e1ab97ce403110664 -> 
  custom:video-decoder-webm-vp8: 9c59270c3fd7afecdb556c50c9e8de78 -> 
  custom:audio-decoder-ogg-vorbis: bf7c407c2cedff20999df2af8eb42d56 -> 
  custom:audio-encoder-webm-vorbis: bf7c407c2cedff20999df2af8eb42d56 -> 
========================================================================
Received Import Request.
  path: Assets/New Terrain.asset
  artifactKey: Guid(11c897aba7d98c348b5fe4ba2380b9ab) Importer(815301076,1909f56bfc062723c751e8b465ee728b)
Start importing Assets/New Terrain.asset using Guid(11c897aba7d98c348b5fe4ba2380b9ab) Importer(815301076,1909f56bfc062723c751e8b465ee728b)  -> (artifact id: '80366b89cab04dafa4d35bf0818ffaf1') in 0.039956 seconds 
  Import took 0.042871 seconds .

========================================================================
Received Import Request.
  Time since last request: 10.687058 seconds.
  path: Assets/Materials
  artifactKey: Guid(980367222e3ef1b43801135d0c9fd779) Importer(815301076,1909f56bfc062723c751e8b465ee728b)
Start importing Assets/Materials using Guid(980367222e3ef1b43801135d0c9fd779) Importer(815301076,1909f56bfc062723c751e8b465ee728b)  -> (artifact id: '15dba7937259df71afb5b77f6117c855') in 0.009654 seconds 
  Import took 0.014179 seconds .

========================================================================
Received Import Request.
  Time since last request: 2.903783 seconds.
  path: Assets
  artifactKey: Guid(00000000000000001000000000000000) Importer(815301076,1909f56bfc062723c751e8b465ee728b)
Start importing Assets using Guid(00000000000000001000000000000000) Importer(815301076,1909f56bfc062723c751e8b465ee728b)  -> (artifact id: '42d402b061de3733987d63b9cc3b64de') in 0.009809 seconds 
  Import took 0.013327 seconds .

========================================================================
Received Import Request.
  Time since last request: 4.763438 seconds.
  path: Assets/Sprites
  artifactKey: Guid(69ce3496a181c894da06d05ba8182b9a) Importer(815301076,1909f56bfc062723c751e8b465ee728b)
Start importing Assets/Sprites using Guid(69ce3496a181c894da06d05ba8182b9a) Importer(815301076,1909f56bfc062723c751e8b465ee728b)  -> (artifact id: '85336233cef74bb5106460e788ed73f1') in 0.010244 seconds 
  Import took 0.013836 seconds .

========================================================================
Received Import Request.
  Time since last request: 61.714640 seconds.
  path: Assets/Sprites/floor.jpg
  artifactKey: Guid(9e66baac78775a6478b9c58239f794e4) Importer(815301076,1909f56bfc062723c751e8b465ee728b)
Start importing Assets/Sprites/floor.jpg using Guid(9e66baac78775a6478b9c58239f794e4) Importer(815301076,1909f56bfc062723c751e8b465ee728b)  -> (artifact id: '2eb45af357a6d3ab7a2df2fab8d6e6c5') in 0.162692 seconds 
  Import took 0.167303 seconds .

========================================================================
Received Import Request.
  Time since last request: 0.000324 seconds.
  path: Assets/Sprites/floor_bump.jpg
  artifactKey: Guid(e52807270b974ff41b01e289ddd170b6) Importer(815301076,1909f56bfc062723c751e8b465ee728b)
Start importing Assets/Sprites/floor_bump.jpg using Guid(e52807270b974ff41b01e289ddd170b6) Importer(815301076,1909f56bfc062723c751e8b465ee728b)  -> (artifact id: '945bb4510cb16e13b3291b00fc89cf2c') in 0.022567 seconds 
  Import took 0.026527 seconds .

========================================================================
Received Import Request.
  Time since last request: 12.391074 seconds.
  path: Assets/Materials/Floor.mat
  artifactKey: Guid(dc4e854e322b5464f9811011c6b5abc2) Importer(815301076,1909f56bfc062723c751e8b465ee728b)
Start importing Assets/Materials/Floor.mat using Guid(dc4e854e322b5464f9811011c6b5abc2) Importer(815301076,1909f56bfc062723c751e8b465ee728b)  -> (artifact id: '99a133066fca5502eebabb68e25c877d') in 0.121085 seconds 
  Import took 0.125300 seconds .

========================================================================
Received Import Request.
  Time since last request: 27.948604 seconds.
  path: Assets/Sprites/floor_bump.jpg
  artifactKey: Guid(e52807270b974ff41b01e289ddd170b6) Importer(815301076,1909f56bfc062723c751e8b465ee728b)
Start importing Assets/Sprites/floor_bump.jpg using Guid(e52807270b974ff41b01e289ddd170b6) Importer(815301076,1909f56bfc062723c751e8b465ee728b)  -> (artifact id: 'af12257c00c9678145572ed3227a3e31') in 0.041243 seconds 
  Import took 0.045352 seconds .

========================================================================
Received Import Request.
  Time since last request: 251.142390 seconds.
  path: Assets/Robots
  artifactKey: Guid(9ef81831ea44ed1419944cfb81da5df0) Importer(815301076,1909f56bfc062723c751e8b465ee728b)
Start importing Assets/Robots using Guid(9ef81831ea44ed1419944cfb81da5df0) Importer(815301076,1909f56bfc062723c751e8b465ee728b)  -> (artifact id: 'ebcc448dc87852c309816b3c5ed08600') in 0.010176 seconds 
  Import took 0.013924 seconds .

========================================================================
Received Import Request.
  Time since last request: 17.316865 seconds.
  path: Assets/Robots/Robot_001_Blender.fbx
  artifactKey: Guid(2265eba4044220142bc8eab0edde54c7) Importer(815301076,1909f56bfc062723c751e8b465ee728b)
Start importing Assets/Robots/Robot_001_Blender.fbx using Guid(2265eba4044220142bc8eab0edde54c7) Importer(815301076,1909f56bfc062723c751e8b465ee728b)  -> (artifact id: '6405ca3d139fab2f2a4a00b9aef34112') in 0.214033 seconds 
  Import took 0.218067 seconds .

========================================================================
Received Import Request.
  Time since last request: 219.920034 seconds.
  path: Assets/Robots/Robot_001_Model.fbx
  artifactKey: Guid(9c3b833fc7f4d344e908e87c915d8d04) Importer(815301076,1909f56bfc062723c751e8b465ee728b)
Start importing Assets/Robots/Robot_001_Model.fbx using Guid(9c3b833fc7f4d344e908e87c915d8d04) Importer(815301076,1909f56bfc062723c751e8b465ee728b)  -> (artifact id: 'c9a2740361d747eaff73e16336daba19') in 0.039601 seconds 
  Import took 0.044276 seconds .

========================================================================
Received Import Request.
  Time since last request: 64.656003 seconds.
  path: Assets/Robots/Robot_001_Model.fbx
  artifactKey: Guid(9c3b833fc7f4d344e908e87c915d8d04) Importer(815301076,1909f56bfc062723c751e8b465ee728b)
Start importing Assets/Robots/Robot_001_Model.fbx using Guid(9c3b833fc7f4d344e908e87c915d8d04) Importer(815301076,1909f56bfc062723c751e8b465ee728b)  -> (artifact id: '22acbd11a5b4348ac9b3e78299c2a3c4') in 0.108387 seconds 
  Import took 0.112331 seconds .

========================================================================
Received Import Request.
  Time since last request: 2.549572 seconds.
  path: Assets/Robots/Materials
  artifactKey: Guid(f274fd6a8be8e9a4ba44df9e8d280e74) Importer(815301076,1909f56bfc062723c751e8b465ee728b)
Start importing Assets/Robots/Materials using Guid(f274fd6a8be8e9a4ba44df9e8d280e74) Importer(815301076,1909f56bfc062723c751e8b465ee728b)  -> (artifact id: '3dbfb8dfdacb1b023d0b77cf47f9a617') in 0.002426 seconds 
  Import took 0.006017 seconds .

========================================================================
Received Import Request.
  Time since last request: 0.152704 seconds.
  path: Assets/Robots/Materials/Material robot.mat
  artifactKey: Guid(d31e517a6af6f5f408ebcbbc1eefee51) Importer(815301076,1909f56bfc062723c751e8b465ee728b)
Start importing Assets/Robots/Materials/Material robot.mat using Guid(d31e517a6af6f5f408ebcbbc1eefee51) Importer(815301076,1909f56bfc062723c751e8b465ee728b)  -> (artifact id: 'a34534cea7f6bce7ee5308e40c80088e') in 0.015559 seconds 
  Import took 0.019451 seconds .

========================================================================
Received Import Request.
  Time since last request: 14.321003 seconds.
  path: Assets/Robots/Robot color.png
  artifactKey: Guid(e44120177de034143823c76ccf1fae6a) Importer(815301076,1909f56bfc062723c751e8b465ee728b)
Start importing Assets/Robots/Robot color.png using Guid(e44120177de034143823c76ccf1fae6a) Importer(815301076,1909f56bfc062723c751e8b465ee728b)  -> (artifact id: '45ce9d1154fcde962a16b49438cc9ccb') in 0.024749 seconds 
  Import took 0.028960 seconds .

========================================================================
Received Import Request.
  Time since last request: 47.750803 seconds.
  path: Assets/Robots/Robot1
  artifactKey: Guid(a84fc04055d118f4a92e1791888b64d0) Importer(815301076,1909f56bfc062723c751e8b465ee728b)
Start importing Assets/Robots/Robot1 using Guid(a84fc04055d118f4a92e1791888b64d0) Importer(815301076,1909f56bfc062723c751e8b465ee728b)  -> (artifact id: '49ace2210b5d801852406405f64f1bec') in 0.009863 seconds 
  Import took 0.014326 seconds .

AssetImportWorkerClient::OnTransportError - code=2 error=End of file
